CRITICAL - 2022-05-23 17:38:57 --> syntax error, unexpected token ";"
#0 C:\xampp\htdocs\system\Router\Router.php(175): CodeIgniter\Router\Router->autoRoute('cadastro_usuari...')
#1 C:\xampp\htdocs\system\CodeIgniter.php(726): CodeIgniter\Router\Router->handle('cadastro_usuari...')
#2 C:\xampp\htdocs\system\CodeIgniter.php(368): CodeIgniter\CodeIgniter->tryToRouteIt(Object(CodeIgniter\Router\RouteCollection))
#3 C:\xampp\htdocs\system\CodeIgniter.php(326): CodeIgniter\CodeIgniter->handleRequest(NULL, Object(Config\Cache), false)
#4 C:\xampp\htdocs\public\index.php(37): CodeIgniter\CodeIgniter->run()
#5 {main}
CRITICAL - 2022-05-23 20:14:09 --> Undefined variable $_SESSION
#0 C:\xampp\htdocs\app\Controllers\Login.php(36): CodeIgniter\Debug\Exceptions->errorHandler(2, 'Undefined varia...', 'C:\\xampp\\htdocs...', 36)
#1 C:\xampp\htdocs\system\CodeIgniter.php(832): App\Controllers\Login->logout()
#2 C:\xampp\htdocs\system\CodeIgniter.php(419): CodeIgniter\CodeIgniter->runController(Object(App\Controllers\Login))
#3 C:\xampp\htdocs\system\CodeIgniter.php(326): CodeIgniter\CodeIgniter->handleRequest(NULL, Object(Config\Cache), false)
#4 C:\xampp\htdocs\public\index.php(37): CodeIgniter\CodeIgniter->run()
#5 {main}
CRITICAL - 2022-05-23 20:14:39 --> Undefined variable $_SESSION
#0 C:\xampp\htdocs\app\Controllers\Login.php(36): CodeIgniter\Debug\Exceptions->errorHandler(2, 'Undefined varia...', 'C:\\xampp\\htdocs...', 36)
#1 C:\xampp\htdocs\system\CodeIgniter.php(832): App\Controllers\Login->logout()
#2 C:\xampp\htdocs\system\CodeIgniter.php(419): CodeIgniter\CodeIgniter->runController(Object(App\Controllers\Login))
#3 C:\xampp\htdocs\system\CodeIgniter.php(326): CodeIgniter\CodeIgniter->handleRequest(NULL, Object(Config\Cache), false)
#4 C:\xampp\htdocs\public\index.php(37): CodeIgniter\CodeIgniter->run()
#5 {main}
