CRITICAL - 2022-04-25 18:38:15 --> syntax error, unexpected token "}", expecting ";"
#0 C:\xampp\htdocs\system\Autoloader\Autoloader.php(241): CodeIgniter\Autoloader\Autoloader->includeFile('C:\\xampp\\htdocs...')
#1 C:\xampp\htdocs\system\Autoloader\Autoloader.php(219): CodeIgniter\Autoloader\Autoloader->loadInNamespace('App\\Controllers...')
#2 [internal function]: CodeIgniter\Autoloader\Autoloader->loadClass('App\\Controllers...')
#3 C:\xampp\htdocs\system\CodeIgniter.php(797): class_exists('\\App\\Controller...', true)
#4 C:\xampp\htdocs\system\CodeIgniter.php(406): CodeIgniter\CodeIgniter->startController()
#5 C:\xampp\htdocs\system\CodeIgniter.php(326): CodeIgniter\CodeIgniter->handleRequest(NULL, Object(Config\Cache), false)
#6 C:\xampp\htdocs\public\index.php(37): CodeIgniter\CodeIgniter->run()
#7 {main}
CRITICAL - 2022-04-25 18:39:16 --> syntax error, unexpected double-quoted string "')"
#0 C:\xampp\htdocs\system\Autoloader\Autoloader.php(241): CodeIgniter\Autoloader\Autoloader->includeFile('C:\\xampp\\htdocs...')
#1 C:\xampp\htdocs\system\Autoloader\Autoloader.php(219): CodeIgniter\Autoloader\Autoloader->loadInNamespace('App\\Models\\mode...')
#2 [internal function]: CodeIgniter\Autoloader\Autoloader->loadClass('App\\Models\\mode...')
#3 C:\xampp\htdocs\system\Config\Factories.php(136): class_exists('App\\Models\\mode...')
#4 C:\xampp\htdocs\system\Config\Factories.php(106): CodeIgniter\Config\Factories::locateClass(Array, 'model_home')
#5 C:\xampp\htdocs\system\Common.php(780): CodeIgniter\Config\Factories::__callStatic('models', Array)
#6 C:\xampp\htdocs\app\Controllers\Home.php(9): model('model_home')
#7 C:\xampp\htdocs\system\CodeIgniter.php(832): App\Controllers\Home->index()
#8 C:\xampp\htdocs\system\CodeIgniter.php(419): CodeIgniter\CodeIgniter->runController(Object(App\Controllers\Home))
#9 C:\xampp\htdocs\system\CodeIgniter.php(326): CodeIgniter\CodeIgniter->handleRequest(NULL, Object(Config\Cache), false)
#10 C:\xampp\htdocs\public\index.php(37): CodeIgniter\CodeIgniter->run()
#11 {main}
CRITICAL - 2022-04-25 18:44:29 --> syntax error, unexpected token "}", expecting ";"
#0 C:\xampp\htdocs\system\Router\Router.php(175): CodeIgniter\Router\Router->autoRoute('login')
#1 C:\xampp\htdocs\system\CodeIgniter.php(726): CodeIgniter\Router\Router->handle('login')
#2 C:\xampp\htdocs\system\CodeIgniter.php(368): CodeIgniter\CodeIgniter->tryToRouteIt(Object(CodeIgniter\Router\RouteCollection))
#3 C:\xampp\htdocs\system\CodeIgniter.php(326): CodeIgniter\CodeIgniter->handleRequest(NULL, Object(Config\Cache), false)
#4 C:\xampp\htdocs\public\index.php(37): CodeIgniter\CodeIgniter->run()
#5 {main}
CRITICAL - 2022-04-25 18:44:51 --> syntax error, unexpected token "}", expecting ";"
#0 C:\xampp\htdocs\system\Router\Router.php(175): CodeIgniter\Router\Router->autoRoute('login')
#1 C:\xampp\htdocs\system\CodeIgniter.php(726): CodeIgniter\Router\Router->handle('login')
#2 C:\xampp\htdocs\system\CodeIgniter.php(368): CodeIgniter\CodeIgniter->tryToRouteIt(Object(CodeIgniter\Router\RouteCollection))
#3 C:\xampp\htdocs\system\CodeIgniter.php(326): CodeIgniter\CodeIgniter->handleRequest(NULL, Object(Config\Cache), false)
#4 C:\xampp\htdocs\public\index.php(37): CodeIgniter\CodeIgniter->run()
#5 {main}
CRITICAL - 2022-04-25 18:47:29 --> count(): Argument #1 ($var) must be of type Countable|array, null given
#0 C:\xampp\htdocs\system\View\View.php(210): include()
#1 C:\xampp\htdocs\system\View\View.php(213): CodeIgniter\View\View->CodeIgniter\View\{closure}()
#2 C:\xampp\htdocs\system\Common.php(1089): CodeIgniter\View\View->render('view_login', Array, true)
#3 C:\xampp\htdocs\app\Controllers\Login.php(9): view('view_login')
#4 C:\xampp\htdocs\system\CodeIgniter.php(832): App\Controllers\Login->index()
#5 C:\xampp\htdocs\system\CodeIgniter.php(419): CodeIgniter\CodeIgniter->runController(Object(App\Controllers\Login))
#6 C:\xampp\htdocs\system\CodeIgniter.php(326): CodeIgniter\CodeIgniter->handleRequest(NULL, Object(Config\Cache), false)
#7 C:\xampp\htdocs\public\index.php(37): CodeIgniter\CodeIgniter->run()
#8 {main}
CRITICAL - 2022-04-25 19:04:32 --> Undefined array key "txt_senha"
#0 C:\xampp\htdocs\app\Controllers\Login.php(15): CodeIgniter\Debug\Exceptions->errorHandler(2, 'Undefined array...', 'C:\\xampp\\htdocs...', 15)
#1 C:\xampp\htdocs\system\CodeIgniter.php(832): App\Controllers\Login->logar()
#2 C:\xampp\htdocs\system\CodeIgniter.php(419): CodeIgniter\CodeIgniter->runController(Object(App\Controllers\Login))
#3 C:\xampp\htdocs\system\CodeIgniter.php(326): CodeIgniter\CodeIgniter->handleRequest(NULL, Object(Config\Cache), false)
#4 C:\xampp\htdocs\public\index.php(37): CodeIgniter\CodeIgniter->run()
#5 {main}
CRITICAL - 2022-04-25 19:04:45 --> Undefined array key "txt_senha"
#0 C:\xampp\htdocs\app\Controllers\Login.php(15): CodeIgniter\Debug\Exceptions->errorHandler(2, 'Undefined array...', 'C:\\xampp\\htdocs...', 15)
#1 C:\xampp\htdocs\system\CodeIgniter.php(832): App\Controllers\Login->logar()
#2 C:\xampp\htdocs\system\CodeIgniter.php(419): CodeIgniter\CodeIgniter->runController(Object(App\Controllers\Login))
#3 C:\xampp\htdocs\system\CodeIgniter.php(326): CodeIgniter\CodeIgniter->handleRequest(NULL, Object(Config\Cache), false)
#4 C:\xampp\htdocs\public\index.php(37): CodeIgniter\CodeIgniter->run()
#5 {main}
CRITICAL - 2022-04-25 19:05:55 --> Undefined array key "txt_senha"
#0 C:\xampp\htdocs\app\Controllers\Login.php(15): CodeIgniter\Debug\Exceptions->errorHandler(2, 'Undefined array...', 'C:\\xampp\\htdocs...', 15)
#1 C:\xampp\htdocs\system\CodeIgniter.php(832): App\Controllers\Login->logar()
#2 C:\xampp\htdocs\system\CodeIgniter.php(419): CodeIgniter\CodeIgniter->runController(Object(App\Controllers\Login))
#3 C:\xampp\htdocs\system\CodeIgniter.php(326): CodeIgniter\CodeIgniter->handleRequest(NULL, Object(Config\Cache), false)
#4 C:\xampp\htdocs\public\index.php(37): CodeIgniter\CodeIgniter->run()
#5 {main}
CRITICAL - 2022-04-25 19:06:04 --> Call to undefined function App\Models\cout()
#0 C:\xampp\htdocs\app\Controllers\Login.php(18): App\Models\model_login->consultar_login('admin', '123')
#1 C:\xampp\htdocs\system\CodeIgniter.php(832): App\Controllers\Login->logar()
#2 C:\xampp\htdocs\system\CodeIgniter.php(419): CodeIgniter\CodeIgniter->runController(Object(App\Controllers\Login))
#3 C:\xampp\htdocs\system\CodeIgniter.php(326): CodeIgniter\CodeIgniter->handleRequest(NULL, Object(Config\Cache), false)
#4 C:\xampp\htdocs\public\index.php(37): CodeIgniter\CodeIgniter->run()
#5 {main}
CRITICAL - 2022-04-25 19:18:08 --> Unmatched '}'
#0 C:\xampp\htdocs\system\Router\Router.php(175): CodeIgniter\Router\Router->autoRoute('login')
#1 C:\xampp\htdocs\system\CodeIgniter.php(726): CodeIgniter\Router\Router->handle('login')
#2 C:\xampp\htdocs\system\CodeIgniter.php(368): CodeIgniter\CodeIgniter->tryToRouteIt(Object(CodeIgniter\Router\RouteCollection))
#3 C:\xampp\htdocs\system\CodeIgniter.php(326): CodeIgniter\CodeIgniter->handleRequest(NULL, Object(Config\Cache), false)
#4 C:\xampp\htdocs\public\index.php(37): CodeIgniter\CodeIgniter->run()
#5 {main}
CRITICAL - 2022-04-25 19:18:22 --> Unmatched '}'
#0 C:\xampp\htdocs\system\Router\Router.php(175): CodeIgniter\Router\Router->autoRoute('login')
#1 C:\xampp\htdocs\system\CodeIgniter.php(726): CodeIgniter\Router\Router->handle('login')
#2 C:\xampp\htdocs\system\CodeIgniter.php(368): CodeIgniter\CodeIgniter->tryToRouteIt(Object(CodeIgniter\Router\RouteCollection))
#3 C:\xampp\htdocs\system\CodeIgniter.php(326): CodeIgniter\CodeIgniter->handleRequest(NULL, Object(Config\Cache), false)
#4 C:\xampp\htdocs\public\index.php(37): CodeIgniter\CodeIgniter->run()
#5 {main}
CRITICAL - 2022-04-25 19:18:48 --> Trying to access array offset on value of type bool
#0 C:\xampp\htdocs\app\Controllers\Login.php(23): CodeIgniter\Debug\Exceptions->errorHandler(2, 'Trying to acces...', 'C:\\xampp\\htdocs...', 23)
#1 C:\xampp\htdocs\system\CodeIgniter.php(832): App\Controllers\Login->logar()
#2 C:\xampp\htdocs\system\CodeIgniter.php(419): CodeIgniter\CodeIgniter->runController(Object(App\Controllers\Login))
#3 C:\xampp\htdocs\system\CodeIgniter.php(326): CodeIgniter\CodeIgniter->handleRequest(NULL, Object(Config\Cache), false)
#4 C:\xampp\htdocs\public\index.php(37): CodeIgniter\CodeIgniter->run()
#5 {main}
CRITICAL - 2022-04-25 19:19:41 --> syntax error, unexpected double-quoted string ""
#0 C:\xampp\htdocs\system\Router\Router.php(175): CodeIgniter\Router\Router->autoRoute('login/logar')
#1 C:\xampp\htdocs\system\CodeIgniter.php(726): CodeIgniter\Router\Router->handle('login/logar')
#2 C:\xampp\htdocs\system\CodeIgniter.php(368): CodeIgniter\CodeIgniter->tryToRouteIt(Object(CodeIgniter\Router\RouteCollection))
#3 C:\xampp\htdocs\system\CodeIgniter.php(326): CodeIgniter\CodeIgniter->handleRequest(NULL, Object(Config\Cache), false)
#4 C:\xampp\htdocs\public\index.php(37): CodeIgniter\CodeIgniter->run()
#5 {main}
CRITICAL - 2022-04-25 19:19:55 --> Call to undefined function App\Controllers\to()
#0 C:\xampp\htdocs\system\CodeIgniter.php(832): App\Controllers\Login->logar()
#1 C:\xampp\htdocs\system\CodeIgniter.php(419): CodeIgniter\CodeIgniter->runController(Object(App\Controllers\Login))
#2 C:\xampp\htdocs\system\CodeIgniter.php(326): CodeIgniter\CodeIgniter->handleRequest(NULL, Object(Config\Cache), false)
#3 C:\xampp\htdocs\public\index.php(37): CodeIgniter\CodeIgniter->run()
#4 {main}
CRITICAL - 2022-04-25 19:55:34 --> Unmatched '}'
#0 C:\xampp\htdocs\system\Router\Router.php(175): CodeIgniter\Router\Router->autoRoute('home')
#1 C:\xampp\htdocs\system\CodeIgniter.php(726): CodeIgniter\Router\Router->handle('home')
#2 C:\xampp\htdocs\system\CodeIgniter.php(368): CodeIgniter\CodeIgniter->tryToRouteIt(Object(CodeIgniter\Router\RouteCollection))
#3 C:\xampp\htdocs\system\CodeIgniter.php(326): CodeIgniter\CodeIgniter->handleRequest(NULL, Object(Config\Cache), false)
#4 C:\xampp\htdocs\public\index.php(37): CodeIgniter\CodeIgniter->run()
#5 {main}
CRITICAL - 2022-04-25 19:55:58 --> syntax error, unexpected token "public", expecting end of file
#0 C:\xampp\htdocs\system\Router\Router.php(175): CodeIgniter\Router\Router->autoRoute('home')
#1 C:\xampp\htdocs\system\CodeIgniter.php(726): CodeIgniter\Router\Router->handle('home')
#2 C:\xampp\htdocs\system\CodeIgniter.php(368): CodeIgniter\CodeIgniter->tryToRouteIt(Object(CodeIgniter\Router\RouteCollection))
#3 C:\xampp\htdocs\system\CodeIgniter.php(326): CodeIgniter\CodeIgniter->handleRequest(NULL, Object(Config\Cache), false)
#4 C:\xampp\htdocs\public\index.php(37): CodeIgniter\CodeIgniter->run()
#5 {main}
